GROUP,PACKAGE,CLASS,INSTRUCTION_MISSED,INSTRUCTION_COVERED,BRANCH_MISSED,BRANCH_COVERED,LINE_MISSED,LINE_COVERED,COMPLEXITY_MISSED,COMPLEXITY_COVERED,METHOD_MISSED,METHOD_COVERED
quarkus-application,ifrs.dev.model,Manga,0,38,0,0,0,17,0,11,0,11
quarkus-application,ifrs.dev.model,Mensagem,0,17,0,0,0,8,0,5,0,5
quarkus-application,ifrs.dev.model,Anuncio,6,31,0,0,2,14,1,9,1,9
quarkus-application,ifrs.dev.model,Usuario,6,38,0,0,2,17,1,11,1,11
quarkus-application,ifrs.dev.ws,AnuncioWS,61,5,4,0,20,2,6,2,4,2
quarkus-application,ifrs.dev.ws,UsuarioWS,48,22,6,0,15,8,7,3,4,3
quarkus-application,ifrs.dev.ws,MensagemWS,57,5,4,0,19,2,6,2,4,2
quarkus-application,ifrs.dev.ws,MangaWS,50,5,2,0,17,2,5,2,4,2
quarkus-application,ifrs.dev,FakeRepository,3,0,0,0,1,0,1,0,1,0
