<?xml version="1.0" encoding="UTF-8"?>
<testsuite xmlns:xsi="http://www.w3.org/2001/XMLSchema-instance" xsi:noNamespaceSchemaLocation="https://maven.apache.org/surefire/maven-surefire-plugin/xsd/surefire-test-report-3.0.xsd" version="3.0" name="ws.AnuncioWSTest" time="1.033" tests="4" errors="0" skipped="0" failures="0">
  <properties>
[...]
</properties>
  <testcase name="testHome" classname="ws.AnuncioWSTest" time="0.698"/>
  <testcase name="testeAnuncioListEndpoint" classname="ws.AnuncioWSTest" time="0.292"/>
  <testcase name="testeAnuncioListIDEndpoint" classname="ws.AnuncioWSTest" time="0.02"/>
  <testcase name="testErrorPath" classname="ws.AnuncioWSTest" time="0.013"/>
</testsuite>